[    0.000000] Linux version 4.15.0-200-generic (buildd@lcy02-amd64-069) (gcc version 7.5.0 (Ubuntu 7.5.0-3ubuntu1~18.04)) #211-Ubuntu SMP Thu Nov 24 18:16:04 UTC 2022 (Ubuntu 4.15.0-200.211-generic 4.15.18)
[    0.000000] Command line: BOOT_IMAGE=/boot/vmlinuz-4.15.0-200-generic root=LABEL=cloudimg-rootfs ro console=tty1 console=ttyS0
[    0.000000] KERNEL supported cpus:
[    0.000000]   Intel GenuineIntel
[    0.000000]   AMD AuthenticAMD
[    0.000000]   Centaur CentaurHauls
[    0.000000] [Firmware Bug]: TSC doesn't count with P0 frequency!
[    0.000000] x86/fpu: Supporting XSAVE feature 0x001: 'x87 floating point registers'
[    0.000000] x86/fpu: Supporting XSAVE feature 0x002: 'SSE registers'
[    0.000000] x86/fpu: Supporting XSAVE feature 0x004: 'AVX registers'
[    0.000000] x86/fpu: xstate_offset[2]:  576, xstate_sizes[2]:  256
[    0.000000] x86/fpu: Enabled xstate features 0x7, context size is 832 bytes, using 'standard' format.
[    0.000000] e820: BIOS-provided physical RAM map:
[    0.000000] BIOS-e820: [mem 0x0000000000000000-0x000000000009fbff] usable
[    0.000000] BIOS-e820: [mem 0x000000000009fc00-0x000000000009ffff] reserved
[    0.000000] BIOS-e820: [mem 0x00000000000f0000-0x00000000000fffff] reserved
[    0.000000] BIOS-e820: [mem 0x0000000000100000-0x000000003ffeffff] usable
[    0.000000] BIOS-e820: [mem 0x000000003fff0000-0x000000003fffffff] ACPI data
[    0.000000] BIOS-e820: [mem 0x00000000fec00000-0x00000000fec00fff] reserved
[    0.000000] BIOS-e820: [mem 0x00000000fee00000-0x00000000fee00fff] reserved
[    0.000000] BIOS-e820: [mem 0x00000000fffc0000-0x00000000ffffffff] reserved
[    0.000000] NX (Execute Disable) protection: active
[    0.000000] SMBIOS 2.5 present.
[    0.000000] DMI: innotek GmbH VirtualBox/VirtualBox, BIOS VirtualBox 12/01/2006
[    0.000000] Hypervisor detected: KVM
[    0.000000] e820: last_pfn = 0x3fff0 max_arch_pfn = 0x400000000
[    0.000000] MTRR: Disabled
[    0.000000] x86/PAT: MTRRs disabled, skipping PAT initialization too.
[    0.000000] CPU MTRRs all blank - virtualized system.
[    0.000000] x86/PAT: Configuration [0-7]: WB  WT  UC- UC  WB  WT  UC- UC  
[    0.000000] found SMP MP-table at [mem 0x0009fff0-0x0009ffff]
[    0.000000] Scanning 1 areas for low memory corruption
[    0.000000] RAMDISK: [mem 0x359c9000-0x36cdbfff]
[    0.000000] ACPI: Early table checksum verification disabled
[    0.000000] ACPI: RSDP 0x00000000000E0000 000024 (v02 VBOX  )
[    0.000000] ACPI: XSDT 0x000000003FFF0030 00003C (v01 VBOX   VBOXXSDT 00000001 ASL  00000061)
[    0.000000] ACPI: FACP 0x000000003FFF00F0 0000F4 (v04 VBOX   VBOXFACP 00000001 ASL  00000061)
[    0.000000] ACPI: DSDT 0x000000003FFF0470 002325 (v02 VBOX   VBOXBIOS 00000002 INTL 20100528)
[    0.000000] ACPI: FACS 0x000000003FFF0200 000040
[    0.000000] ACPI: FACS 0x000000003FFF0200 000040
[    0.000000] ACPI: APIC 0x000000003FFF0240 00005C (v02 VBOX   VBOXAPIC 00000001 ASL  00000061)
[    0.000000] ACPI: SSDT 0x000000003FFF02A0 0001CC (v01 VBOX   VBOXCPUT 00000002 INTL 20100528)
[    0.000000] ACPI: Reserving FACP table memory at [mem 0x3fff00f0-0x3fff01e3]
[    0.000000] ACPI: Reserving DSDT table memory at [mem 0x3fff0470-0x3fff2794]
[    0.000000] ACPI: Reserving FACS table memory at [mem 0x3fff0200-0x3fff023f]
[    0.000000] ACPI: Reserving FACS table memory at [mem 0x3fff0200-0x3fff023f]
[    0.000000] ACPI: Reserving APIC table memory at [mem 0x3fff0240-0x3fff029b]
[    0.000000] ACPI: Reserving SSDT table memory at [mem 0x3fff02a0-0x3fff046b]
[    0.000000] No NUMA configuration found
[    0.000000] Faking a node at [mem 0x0000000000000000-0x000000003ffeffff]
[    0.000000] NODE_DATA(0) allocated [mem 0x3ffc5000-0x3ffeffff]
[    0.000000] kvm-clock: cpu 0, msr 0:3ff44001, primary cpu clock
[    0.000000] kvm-clock: Using msrs 4b564d01 and 4b564d00
[    0.000000] kvm-clock: using sched offset of 4016025375 cycles
[    0.000000] clocksource: kvm-clock: mask: 0xffffffffffffffff max_cycles: 0x1cd42e4dffb, max_idle_ns: 881590591483 ns
[    0.000000] Zone ranges:
[    0.000000]   DMA      [mem 0x0000000000001000-0x0000000000ffffff]
[    0.000000]   DMA32    [mem 0x0000000001000000-0x000000003ffeffff]
[    0.000000]   Normal   empty
[    0.000000]   Device   empty
[    0.000000] Movable zone start for each node
[    0.000000] Early memory node ranges
[    0.000000]   node   0: [mem 0x0000000000001000-0x000000000009efff]
[    0.000000]   node   0: [mem 0x0000000000100000-0x000000003ffeffff]
[    0.000000] Reserved but unavailable: 104 pages
[    0.000000] Initmem setup node 0 [mem 0x0000000000001000-0x000000003ffeffff]
[    0.000000] ACPI: PM-Timer IO Port: 0x4008
[    0.000000] IOAPIC[0]: apic_id 2, version 32, address 0xfec00000, GSI 0-23
[    0.000000] ACPI: INT_SRC_OVR (bus 0 bus_irq 0 global_irq 2 dfl dfl)
[    0.000000] ACPI: INT_SRC_OVR (bus 0 bus_irq 9 global_irq 9 low level)
[    0.000000] Using ACPI (MADT) for SMP configuration information
[    0.000000] smpboot: Allowing 2 CPUs, 0 hotplug CPUs
[    0.000000] PM: Registered nosave memory: [mem 0x00000000-0x00000fff]
[    0.000000] PM: Registered nosave memory: [mem 0x0009f000-0x0009ffff]
[    0.000000] PM: Registered nosave memory: [mem 0x000a0000-0x000effff]
[    0.000000] PM: Registered nosave memory: [mem 0x000f0000-0x000fffff]
[    0.000000] e820: [mem 0x40000000-0xfebfffff] available for PCI devices
[    0.000000] Booting paravirtualized kernel on KVM
[    0.000000] clocksource: refined-jiffies: mask: 0xffffffff max_cycles: 0xffffffff, max_idle_ns: 7645519600211568 ns
[    0.000000] setup_percpu: NR_CPUS:8192 nr_cpumask_bits:2 nr_cpu_ids:2 nr_node_ids:1
[    0.000000] percpu: Embedded 50 pages/cpu s167936 r8192 d28672 u1048576
[    0.000000] PV qspinlock hash table entries: 256 (order: 0, 4096 bytes)
[    0.000000] Built 1 zonelists, mobility grouping on.  Total pages: 257913
[    0.000000] Policy zone: DMA32
[    0.000000] Kernel command line: BOOT_IMAGE=/boot/vmlinuz-4.15.0-200-generic root=LABEL=cloudimg-rootfs ro console=tty1 console=ttyS0
[    0.000000] Memory: 982648K/1048120K available (12300K kernel code, 2477K rwdata, 4320K rodata, 2472K init, 2720K bss, 65472K reserved, 0K cma-reserved)
[    0.000000] SLUB: HWalign=64, Order=0-3, MinObjects=0, CPUs=2, Nodes=1
[    0.000000] ftrace: allocating 39478 entries in 155 pages
[    0.004000] Hierarchical RCU implementation.
[    0.004000] 	RCU restricting CPUs from NR_CPUS=8192 to nr_cpu_ids=2.
[    0.004000] 	Tasks RCU enabled.
[    0.004000] RCU: Adjusting geometry for rcu_fanout_leaf=16, nr_cpu_ids=2
[    0.004000] NR_IRQS: 524544, nr_irqs: 440, preallocated irqs: 16
[    0.004000] random: crng init done
[    0.004000] Console: colour VGA+ 80x25
[    0.004000] console [tty1] enabled
[    0.004000] console [ttyS0] enabled
[    0.004000] ACPI: Core revision 20170831
[    0.004000] ACPI: 2 ACPI AML tables successfully acquired and loaded
[    0.004000] APIC: Switch to symmetric I/O mode setup
[    0.004000] x2apic enabled
[    0.004000] Switched APIC routing to physical x2apic.
[    0.004000] ..TIMER: vector=0x30 apic1=0 pin1=2 apic2=-1 pin2=-1
[    0.004000] tsc: Detected 2096.062 MHz processor
[    0.004000] Calibrating delay loop (skipped) preset value.. 4192.12 BogoMIPS (lpj=8384248)
[    0.004000] pid_max: default: 32768 minimum: 301
[    0.004000] Security Framework initialized
[    0.004000] Yama: becoming mindful.
[    0.004000] AppArmor: AppArmor initialized
[    0.004000] Dentry cache hash table entries: 131072 (order: 8, 1048576 bytes)
[    0.004000] Inode-cache hash table entries: 65536 (order: 7, 524288 bytes)
[    0.004000] Mount-cache hash table entries: 2048 (order: 2, 16384 bytes)
[    0.004000] Mountpoint-cache hash table entries: 2048 (order: 2, 16384 bytes)
[    0.004000] Last level iTLB entries: 4KB 1024, 2MB 1024, 4MB 512
[    0.004000] Last level dTLB entries: 4KB 1536, 2MB 1536, 4MB 768, 1GB 0
[    0.004000] Spectre V1 : Mitigation: usercopy/swapgs barriers and __user pointer sanitization
[    0.004000] Spectre V2 : Mitigation: Retpolines
[    0.004000] Spectre V2 : Spectre v2 / SpectreRSB mitigation: Filling RSB on context switch
[    0.004000] Freeing SMP alternatives memory: 36K
[    0.122936] APIC calibration not consistent with PM-Timer: 123ms instead of 100ms
[    0.124000] APIC delta adjusted to PM-Timer: 6449054 (7943247)
[    0.124161] smpboot: CPU0: AMD Ryzen 5 3500U with Radeon Vega Mobile Gfx (family: 0x17, model: 0x18, stepping: 0x1)
[    0.128197] Performance Events: PMU not available due to virtualization, using software events only.
[    0.132086] Hierarchical SRCU implementation.
[    0.135053] NMI watchdog: Perf event create on CPU 0 failed with -2
[    0.136000] NMI watchdog: Perf NMI watchdog permanently disabled
[    0.136080] smp: Bringing up secondary CPUs ...
[    0.137253] x86: Booting SMP configuration:
[    0.138242] .... node  #0, CPUs:      #1
[    0.004000] kvm-clock: cpu 1, msr 0:3ff44041, secondary cpu clock
[    0.144045] smp: Brought up 1 node, 2 CPUs
[    0.144963] smpboot: Max logical packages: 1
[    0.145939] smpboot: Total of 2 processors activated (8384.24 BogoMIPS)
[    0.148103] devtmpfs: initialized
[    0.148854] x86/mm: Memory block size: 128MB
[    0.150071] evm: security.selinux
[    0.150871] evm: security.SMACK64
[    0.152004] evm: security.SMACK64EXEC
[    0.152919] evm: security.SMACK64TRANSMUTE
[    0.153932] evm: security.SMACK64MMAP
[    0.154845] evm: security.apparmor
[    0.155677] evm: security.ima
[    0.156000] evm: security.capability
[    0.156096] clocksource: jiffies: mask: 0xffffffff max_cycles: 0xffffffff, max_idle_ns: 7645041785100000 ns
[    0.158174] futex hash table entries: 512 (order: 3, 32768 bytes)
[    0.159649] pinctrl core: initialized pinctrl subsystem
[    0.162589] RTC time: 11:19:46, date: 12/15/22
[    0.164297] NET: Registered protocol family 16
[    0.165453] audit: initializing netlink subsys (disabled)
[    0.166726] audit: type=2000 audit(1671103191.797:1): state=initialized audit_enabled=0 res=1
[    0.168111] cpuidle: using governor ladder
[    0.172169] cpuidle: using governor menu
[    0.176132] ACPI: bus type PCI registered
[    0.177056] acpiphp: ACPI Hot Plug PCI Controller Driver version: 0.5
[    0.178655] PCI: Using configuration type 1 for base access
[    0.179860] PCI: Using configuration type 1 for extended access
[    0.181277] HugeTLB registered 2.00 MiB page size, pre-allocated 0 pages
[    0.184160] ACPI: Added _OSI(Module Device)
[    0.185246] ACPI: Added _OSI(Processor Device)
[    0.186312] ACPI: Added _OSI(3.0 _SCP Extensions)
[    0.187458] ACPI: Added _OSI(Processor Aggregator Device)
[    0.188006] ACPI: Added _OSI(Linux-Dell-Video)
[    0.189081] ACPI: Added _OSI(Linux-Lenovo-NV-HDMI-Audio)
[    0.190442] ACPI: Added _OSI(Linux-HPI-Hybrid-Graphics)
[    0.192466] ACPI: Executed 1 blocks of module-level executable AML code
[    0.198418] ACPI: Interpreter enabled
[    0.199355] ACPI: (supports S0 S5)
[    0.200005] ACPI: Using IOAPIC for interrupt routing
[    0.201519] PCI: Using host bridge windows from ACPI; if necessary, use "pci=nocrs" and report a bug
[    0.203886] ACPI: Enabled 2 GPEs in block 00 to 07
[    0.213629] ACPI: PCI Root Bridge [PCI0] (domain 0000 [bus 00-ff])
[    0.215030] acpi PNP0A03:00: _OSC: OS supports [ExtendedConfig ASPM ClockPM Segments MSI]
[    0.217355] acpi PNP0A03:00: _OSC: platform does not support [PCIeCapability]
[    0.220312] acpi PNP0A03:00: _OSC: not requesting control; platform does not support [PCIeCapability]
[    0.222200] acpi PNP0A03:00: _OSC: OS requested [PCIeHotplug PME AER PCIeCapability]
[    0.223836] acpi PNP0A03:00: _OSC: platform willing to grant [PCIeHotplug PME AER]
[    0.224007] acpi PNP0A03:00: _OSC failed (AE_SUPPORT); disabling ASPM
[    0.228326] PCI host bridge to bus 0000:00
[    0.229189] pci_bus 0000:00: root bus resource [io  0x0000-0x0cf7 window]
[    0.230505] pci_bus 0000:00: root bus resource [io  0x0d00-0xffff window]
[    0.232006] pci_bus 0000:00: root bus resource [mem 0x000a0000-0x000bffff window]
[    0.233645] pci_bus 0000:00: root bus resource [mem 0x40000000-0xfdffffff window]
[    0.235351] pci_bus 0000:00: root bus resource [bus 00-ff]
[    0.240006] pci 0000:00:01.1: legacy IDE quirk: reg 0x10: [io  0x01f0-0x01f7]
[    0.241524] pci 0000:00:01.1: legacy IDE quirk: reg 0x14: [io  0x03f6]
[    0.242977] pci 0000:00:01.1: legacy IDE quirk: reg 0x18: [io  0x0170-0x0177]
[    0.244005] pci 0000:00:01.1: legacy IDE quirk: reg 0x1c: [io  0x0376]
[    0.273504] pci 0000:00:07.0: quirk: [io  0x4000-0x403f] claimed by PIIX4 ACPI
[    0.275219] pci 0000:00:07.0: quirk: [io  0x4100-0x410f] claimed by PIIX4 SMB
[    0.293387] ACPI: PCI Interrupt Link [LNKA] (IRQs 5 9 10 *11)
[    0.295195] ACPI: PCI Interrupt Link [LNKB] (IRQs 5 9 *10 11)
[    0.296177] ACPI: PCI Interrupt Link [LNKC] (IRQs 5 *9 10 11)
[    0.297681] ACPI: PCI Interrupt Link [LNKD] (IRQs 5 9 10 *11)
[    0.299533] SCSI subsystem initialized
[    0.300096] pci 0000:00:02.0: vgaarb: setting as boot VGA device
[    0.301342] pci 0000:00:02.0: vgaarb: VGA device added: decodes=io+mem,owns=io+mem,locks=none
[    0.304008] pci 0000:00:02.0: vgaarb: bridge control possible
[    0.305314] vgaarb: loaded
[    0.306164] ACPI: bus type USB registered
[    0.307168] usbcore: registered new interface driver usbfs
[    0.308019] usbcore: registered new interface driver hub
[    0.309242] usbcore: registered new device driver usb
[    0.312050] EDAC MC: Ver: 3.0.0
[    0.313041] PCI: Using ACPI for IRQ routing
[    0.313386] NetLabel: Initializing
[    0.314151] NetLabel:  domain hash size = 128
[    0.315186] NetLabel:  protocols = UNLABELED CIPSOv4 CALIPSO
[    0.316026] NetLabel:  unlabeled traffic allowed by default
[    0.317291] clocksource: Switched to clocksource kvm-clock
[    0.338785] VFS: Disk quotas dquot_6.6.0
[    0.339896] VFS: Dquot-cache hash table entries: 512 (order 0, 4096 bytes)
[    0.341631] AppArmor: AppArmor Filesystem Enabled
[    0.342708] pnp: PnP ACPI init
[    0.345108] pnp: PnP ACPI: found 3 devices
[    0.358761] clocksource: acpi_pm: mask: 0xffffff max_cycles: 0xffffff, max_idle_ns: 2085701024 ns
[    0.360762] NET: Registered protocol family 2
[    0.363854] IP idents hash table entries: 16384 (order: 5, 131072 bytes)
[    0.365766] TCP established hash table entries: 8192 (order: 4, 65536 bytes)
[    0.367156] TCP bind hash table entries: 8192 (order: 5, 131072 bytes)
[    0.368515] TCP: Hash tables configured (established 8192 bind 8192)
[    0.369800] UDP hash table entries: 512 (order: 2, 16384 bytes)
[    0.370994] UDP-Lite hash table entries: 512 (order: 2, 16384 bytes)
[    0.372321] NET: Registered protocol family 1
[    0.373361] pci 0000:00:00.0: Limiting direct PCI/PCI transfers
[    0.374585] pci 0000:00:01.0: Activating ISA DMA hang workarounds
[    0.375878] pci 0000:00:02.0: Video device with shadowed ROM at [mem 0x000c0000-0x000dffff]
[    0.377912] Unpacking initramfs...
[    0.806431] Freeing initrd memory: 19532K
[    0.807674] clocksource: tsc: mask: 0xffffffffffffffff max_cycles: 0x1e36a88731c, max_idle_ns: 440795269020 ns
[    0.809924] platform rtc_cmos: registered platform RTC device (no PNP device found)
[    0.811601] Scanning for low memory corruption every 60 seconds
[    0.814807] Initialise system trusted keyrings
[    0.816729] Key type blacklist registered
[    0.818640] workingset: timestamp_bits=36 max_order=18 bucket_order=0
[    0.823317] zbud: loaded
[    0.825999] squashfs: version 4.0 (2009/01/31) Phillip Lougher
[    0.828920] fuse init (API version 7.26)
[    0.846825] Key type asymmetric registered
[    0.848422] Asymmetric key parser 'x509' registered
[    0.850228] Block layer SCSI generic (bsg) driver version 0.4 loaded (major 246)
[    0.853150] io scheduler noop registered
[    0.854596] io scheduler deadline registered
[    0.856212] io scheduler cfq registered (default)
[    0.858602] ACPI: AC Adapter [AC] (off-line)
[    0.860293] input: Power Button as /devices/LNXSYSTM:00/LNXPWRBN:00/input/input0
[    0.863188] ACPI: Power Button [PWRF]
[    0.864705] input: Sleep Button as /devices/LNXSYSTM:00/LNXSLPBN:00/input/input1
[    0.867561] ACPI: Sleep Button [SLPF]
[    0.871287] ACPI: Battery Slot [BAT0] (battery present)
[    0.873825] Serial: 8250/16550 driver, 32 ports, IRQ sharing enabled
[    0.897730] 00:02: ttyS0 at I/O 0x3f8 (irq = 4, base_baud = 115200) is a 16550A
[    0.907543] Linux agpgart interface v0.103
[    0.914763] loop: module loaded
[    0.916641] scsi host0: ata_piix
[    0.918000] scsi host1: ata_piix
[    0.919570] ata1: PATA max UDMA/33 cmd 0x1f0 ctl 0x3f6 bmdma 0xd000 irq 14
[    0.922412] ata2: PATA max UDMA/33 cmd 0x170 ctl 0x376 bmdma 0xd008 irq 15
[    0.926065] tun: Universal TUN/TAP device driver, 1.6
[    0.928272] PPP generic driver version 2.4.2
[    0.930228] ehci_hcd: USB 2.0 'Enhanced' Host Controller (EHCI) Driver
[    0.932925] ehci-pci: EHCI PCI platform driver
[    0.934905] ehci-platform: EHCI generic platform driver
[    0.937111] ohci_hcd: USB 1.1 'Open' Host Controller (OHCI) Driver
[    0.939565] ohci-pci: OHCI PCI platform driver
[    0.941477] ohci-platform: OHCI generic platform driver
[    0.943594] uhci_hcd: USB Universal Host Controller Interface driver
[    0.946288] i8042: PNP: PS/2 Controller [PNP0303:PS2K,PNP0f03:PS2M] at 0x60,0x64 irq 1,12
[    0.950630] serio: i8042 KBD port at 0x60,0x64 irq 1
[    0.952789] serio: i8042 AUX port at 0x60,0x64 irq 12
[    0.955363] mousedev: PS/2 mouse device common for all mice
[    0.958664] input: AT Translated Set 2 keyboard as /devices/platform/i8042/serio0/input/input2
[    0.960677] rtc_cmos rtc_cmos: rtc core: registered rtc_cmos as rtc0
[    0.963531] rtc_cmos rtc_cmos: alarms up to one day, 114 bytes nvram
[    0.964142] i2c /dev entries driver
[    0.965785] device-mapper: uevent: version 1.0.3
[    0.966961] device-mapper: ioctl: 4.37.0-ioctl (2017-09-20) initialised: dm-devel@redhat.com
[    0.968963] ledtrig-cpu: registered to indicate activity on CPUs
[    0.971042] NET: Registered protocol family 10
[    0.976668] Segment Routing with IPv6
[    0.977723] NET: Registered protocol family 17
[    0.978863] Key type dns_resolver registered
[    0.980207] mce: Using 0 MCE banks
[    0.981053] RAS: Correctable Errors collector initialized.
[    0.982421] sched_clock: Marking stable (980158071, 0)->(1228355346, -248197275)
[    0.984790] registered taskstats version 1
[    0.985831] Loading compiled-in X.509 certificates
[    0.989983] Loaded X.509 cert 'Build time autogenerated kernel key: 29e5beaa583364da097e68c9386761f80dbce7ef'
[    0.993165] Loaded X.509 cert 'Canonical Ltd. Live Patch Signing: 14df34d1a87cf37625abec039ef2bf521249b969'
[    0.996180] Loaded X.509 cert 'Canonical Ltd. Kernel Module Signing: 88f752e560a1e0737e31163a466ad7b70a850c19'
[    0.998575] blacklist: Loading compiled-in revocation X.509 certificates
[    1.000210] Loaded X.509 cert 'Canonical Ltd. Secure Boot Signing: 61482aa2830d0ab2ad5af10b7250da9033ddcef0'
[    1.002662] zswap: loaded using pool lzo/zbud
[    1.008984] Key type big_key registered
[    1.009890] Key type trusted registered
[    1.012843] Key type encrypted registered
[    1.013869] AppArmor: AppArmor sha1 policy hashing enabled
[    1.015156] ima: No TPM chip found, activating TPM-bypass! (rc=-19)
[    1.016598] ima: Allocated hash algorithm: sha1
[    1.017703] evm: HMAC attrs: 0x1
[    1.018869]   Magic number: 2:601:327
[    1.019970] rtc_cmos rtc_cmos: setting system clock to 2022-12-15 11:19:47 UTC (1671103187)
[    1.022098] BIOS EDD facility v0.16 2004-Jun-25, 0 devices found
[    1.023299] EDD information not available.
[    1.117485] Freeing unused kernel image memory: 2472K
[    1.177826] Write protecting the kernel read-only data: 20480k
[    1.181790] Freeing unused kernel image memory: 2008K
[    1.184436] Freeing unused kernel image memory: 1824K
[    1.205281] x86/mm: Checked W+X mappings: passed, no W+X pages found.
Loading, please wait...
starting version 237
[    1.322080] Fusion MPT base driver 3.04.20
[    1.323168] Copyright (c) 1999-2008 LSI Corporation
[    1.326999] e1000: Intel(R) PRO/1000 Network Driver - version 7.3.21-k8-NAPI
[    1.328764] e1000: Copyright (c) 1999-2006 Intel Corporation.
[    1.354249] AVX2 version of gcm_enc/dec engaged.
[    1.355445] AES CTR mode by8 optimization enabled
[    1.357284] Fusion MPT SPI Host driver 3.04.20
[    1.537711] input: ImExPS/2 Generic Explorer Mouse as /devices/platform/i8042/serio1/input/input4
[    1.760177] e1000 0000:00:03.0 eth0: (PCI:33MHz:32-bit) 02:40:49:ac:f0:20
[    1.763278] e1000 0000:00:03.0 eth0: Intel(R) PRO/1000 Network Connection
[    2.665590] e1000 0000:00:08.0 eth1: (PCI:33MHz:32-bit) 08:00:27:49:94:62
[    2.668308] e1000 0000:00:08.0 eth1: Intel(R) PRO/1000 Network Connection
[    2.674430] e1000 0000:00:08.0 enp0s8: renamed from eth1
[    2.676622] mptbase: ioc0: Initiating bringup
[    2.693039] e1000 0000:00:03.0 enp0s3: renamed from eth0
[    2.780946] ioc0: LSI53C1030 A0: Capabilities={Initiator}
[    3.843921] scsi host2: ioc0: LSI53C1030 A0, FwRev=00000000h, Ports=1, MaxQ=256, IRQ=20
[    4.013070] scsi 2:0:0:0: Direct-Access     VBOX     HARDDISK         1.0  PQ: 0 ANSI: 5
[    4.040096] scsi target2:0:0: Beginning Domain Validation
[    4.045674] scsi target2:0:0: Domain Validation skipping write tests
[    4.048158] scsi target2:0:0: Ending Domain Validation
[    4.050509] scsi target2:0:0: asynchronous
[    4.053636] scsi 2:0:1:0: Direct-Access     VBOX     HARDDISK         1.0  PQ: 0 ANSI: 5
[    4.084247] scsi target2:0:1: Beginning Domain Validation
[    4.092231] scsi target2:0:1: Domain Validation skipping write tests
[    4.094510] scsi target2:0:1: Ending Domain Validation
[    4.096560] scsi target2:0:1: asynchronous
[    4.108660] sd 2:0:0:0: Attached scsi generic sg0 type 0
[    4.111344] sd 2:0:0:0: [sda] 83886080 512-byte logical blocks: (42.9 GB/40.0 GiB)
[    4.111766] sd 2:0:1:0: [sdb] 20480 512-byte logical blocks: (10.5 MB/10.0 MiB)
[    4.114504] sd 2:0:1:0: Attached scsi generic sg1 type 0
[    4.117047] sd 2:0:0:0: [sda] Write Protect is off
[    4.120953] sd 2:0:1:0: [sdb] Write Protect is off
[    4.121290] sd 2:0:0:0: [sda] Incomplete mode parameter data
[    4.124751] sd 2:0:1:0: [sdb] Incomplete mode parameter data
[    4.124797] sd 2:0:0:0: [sda] Assuming drive cache: write through
[    4.125930] sd 2:0:1:0: [sdb] Assuming drive cache: write through
[    4.133968]  sda: sda1
[    4.136772] sd 2:0:0:0: [sda] Attached SCSI disk
[    4.139252] sd 2:0:1:0: [sdb] Attached SCSI disk
Begin: Loading essential drivers ... [    5.916873] raid6: sse2x1   gen()  4903 MB/s
[    5.964873] raid6: sse2x1   xor()  4796 MB/s
[    6.012876] raid6: sse2x2   gen() 10215 MB/s
[    6.060867] raid6: sse2x2   xor()  6549 MB/s
[    6.108051] raid6: sse2x4   gen()  9979 MB/s
[    6.157847] raid6: sse2x4   xor()  5721 MB/s
[    6.204046] raid6: avx2x1   gen() 10930 MB/s
[    6.252860] raid6: avx2x1   xor()  8562 MB/s
[    6.300856] raid6: avx2x2   gen() 14092 MB/s
[    6.348858] raid6: avx2x2   xor()  9148 MB/s
[    6.397840] raid6: avx2x4   gen() 14675 MB/s
[    6.444866] raid6: avx2x4   xor()  5432 MB/s
[    6.445887] raid6: using algorithm avx2x4 gen() 14675 MB/s
[    6.447967] raid6: .... xor() 5432 MB/s, rmw enabled
[    6.450190] raid6: using avx2x2 recovery algorithm
[    6.454526] xor: automatically using best checksumming function   avx       
[    6.458105] async_tx: api initialized (async)
done.
Begin: Running /scripts/init-premount ... done.
Begin: Mounting root file system ... Begin: Running /scripts/local-top ... done.
Begin: Running /scripts/local-premount ... [    6.549168] Btrfs loaded, crc32c=crc32c-intel
Scanning for Btrfs filesystems
done.
Warning: fsck not present, so skipping root file system
[    6.599268] EXT4-fs (sda1): mounted filesystem with ordered data mode. Opts: (null)
done.
Begin: Running /scripts/local-bottom ... done.
Begin: Running /scripts/init-bottom ... done.
[    6.836816] ip_tables: (C) 2000-2006 Netfilter Core Team
[    6.853677] systemd[1]: systemd 237 running in system mode. (+PAM +AUDIT +SELINUX +IMA +APPARMOR +SMACK +SYSVINIT +UTMP +LIBCRYPTSETUP +GCRYPT +GNUTLS +ACL +XZ +LZ4 +SECCOMP +BLKID +ELFUTILS +KMOD -IDN2 +IDN -PCRE2 default-hierarchy=hybrid)
[    6.862681] systemd[1]: Detected virtualization oracle.
[    6.865285] systemd[1]: Detected architecture x86-64.

Welcome to [1mUbuntu 18.04.6 LTS[0m!

[    6.878888] systemd[1]: Set hostname to <ubuntu>.
[    6.893463] systemd[1]: Initializing machine ID from random generator.
[    6.895992] systemd[1]: Installed transient /etc/machine-id file.
[    7.476878] systemd[1]: Started Forward Password Requests to Wall Directory Watch.
[[0;32m  OK  [0m] Started Forward Password Requests to Wall Directory Watch.
[    7.481140] systemd[1]: Reached target Swap.
[[0;32m  OK  [0m] Reached target Swap.
[    7.483711] systemd[1]: Reached target System Time Synchronized.
[[0;32m  OK  [0m] Reached target System Time Synchronized.
[    7.499461] systemd[1]: Created slice System Slice.
[[0;32m  OK  [0m] Created slice System Slice.
[[0;32m  OK  [0m] Created slice system-serial\x2dgetty.slice.
[[0;32m  OK  [0m] Listening on udev Control Socket.
[[0;32m  OK  [0m] Listening on Journal Socket.
         Mounting POSIX Message Queue File System...
[[0;32m  OK  [0m] Listening on Journal Socket (/dev/log).
[[0;32m  OK  [0m] Listening on Journal Audit Socket.
[[0;32m  OK  [0m] Listening on LVM2 metadata daemon socket.
[[0;32m  OK  [0m] Listening on Syslog Socket.
         Mounting Huge Pages File System...
         Mounting Kernel Debug File System...
         Starting Uncomplicated firewall...
[[0;32m  OK  [0m] Listening on Network Service Netlink Socket.
         Starting Create list of required st…ce nodes for the current kernel...
[[0;32m  OK  [0m] Set up automount Arbitrary Executab…rmats File System Automount Point.
[[0;32m  OK  [0m] Listening on fsck to fsckd communication Socket.
         Starting File System Check on Root Device...
[[0;32m  OK  [0m] Listening on Device-mapper event daemon FIFOs.
         Starting Monitoring of LVM2 mirrors…ng dmeventd or progress polling...
         Starting Load Kernel Modules...
         Starting Set the console keyboard layout...
[[0;32m  OK  [0m] Listening on /dev/initctl Compatibility Named Pipe.
         Starting Journal Service...
[[0;32m  OK  [0m] Listening on udev Kernel Socket.
         Starting udev Coldplug all Devices...
[[0;32m  OK  [0m] Reached target User and Group Name Lookups.
[[0;32m  OK  [0m] Created slice User and Session Slice.
[[0;32m  OK  [0m] Reached target Slices.
[[0;32m  OK  [0m] Listening on LVM2 poll daemon socket.
[[0;32m  OK  [0m] Mounted POSIX Message Queue File System.
[[0;32m  OK  [0m] Mounted Huge Pages File System.
[[0;32m  OK  [0m] Mounted Kernel Debug File System.
[[0;32m  OK  [0m] Started Uncomplicated firewall.
[[0;32m  OK  [0m] Started Create list of required sta…vice nodes for the current kernel.
[[0;32m  OK  [0m] Started File System Check on Root Device.
[[0;32m  OK  [0m] Started LVM2 metadata daemon.
[[0;32m  OK  [0m] Started File System Check Daemon to report status.
         Starting Remount Root and Kernel File Systems...
         Starting Create Static Device Nodes in /dev...
[    7.843399] Loading iSCSI transport class v2.0-870.
[[0;32m  OK  [0m] Started Journal Service.
[[0;32m  OK  [0m] Started udev Coldplug all Devices.
[    7.969434] iscsi: registered transport (tcp)
[    8.017912] EXT4-fs (sda1): re-mounted. Opts: (null)
[[0;32m  OK  [0m] Started Remount Root and Kernel File Systems.
[    8.072791] iscsi: registered transport (iser)
         Starting Flush Journal to Persistent Storage...
         Starting Load/Save Random Seed...
[[0;32m  OK  [0m] Started Monitoring of LVM2 mirrors,…sing dmeventd or progress polling.
[[0;32m  OK  [0m] Started Load Kernel Modules.
[[0;32m  OK  [0m] Started Create Static Device Nodes in /dev.
         Starting udev Kernel Device Manager...
         Mounting Kernel Configuration File System...
         Starting Apply Kernel Variables...
         Mounting FUSE Control File System...
[[0;32m  OK  [0m] Started Load/Save Random Seed.
[[0;32m  OK  [0m] Mounted Kernel Configuration File System.
[[0;32m  OK  [0m] Mounted FUSE Control File System.
[    8.171651] systemd-journald[406]: Received request to flush runtime journal from PID 1
[[0;32m  OK  [0m] Started udev Kernel Device Manager.
[[0;32m  OK  [0m] Started Apply Kernel Variables.
[[0;32m  OK  [0m] Started Flush Journal to Persistent Storage.
[[0;32m  OK  [0m] Found device /dev/ttyS0.
[[0;32m  OK  [0m] Listening on Load/Save RF Kill Switch Status /dev/rfkill Watch.
         Mounting Arbitrary Executable File Formats File System...
[[0;32m  OK  [0m] Mounted Arbitrary Executable File Formats File System.
[[0;32m  OK  [0m] Started Set the console keyboard layout.
[[0;32m  OK  [0m] Started Dispatch Password Requests to Console Directory Watch.
[[0;32m  OK  [0m] Reached target Local Encrypted Volumes.
[[0;32m  OK  [0m] Reached target Local File Systems (Pre).
[[0;32m  OK  [0m] Reached target Local File Systems.
         Starting Commit a transient machine-id on disk...
         Starting ebtables ruleset management...
         Starting Set console font and keymap...
         Starting Tell Plymouth To Write Out Runtime Data...
         Starting Create Volatile Files and Directories...
         Starting AppArmor initialization...
[[0;32m  OK  [0m] Started Commit a transient machine-id on disk.
[[0;32m  OK  [0m] Started Tell Plymouth To Write Out Runtime Data.
[[0;32m  OK  [0m] Started Create Volatile Files and Directories.
         Starting Update UTMP about System Boot/Shutdown...
[[0;32m  OK  [0m] Started Update UTMP about System Boot/Shutdown.
[[0;32m  OK  [0m] Started ebtables ruleset management.
[[0;32m  OK  [0m] Started Set console font and keymap.
[[0;32m  OK  [0m] Started AppArmor initialization.
         Starting Load AppArmor profiles managed internally by snapd...
         Starting Initial cloud-init job (pre-networking)...
[[0;32m  OK  [0m] Started Load AppArmor profiles managed internally by snapd.
[   13.260857] cloud-init[831]: Cloud-init v. 22.4.2-0ubuntu0~18.04.1 running 'init-local' at Thu, 15 Dec 2022 11:19:59 +0000. Up 12.62 seconds.
[[0;32m  OK  [0m] Started Initial cloud-init job (pre-networking).
[[0;32m  OK  [0m] Reached target Network (Pre).
         Starting Network Service...
[[0;32m  OK  [0m] Started Network Service.
         Starting Network Name Resolution...
         Starting Wait for Network to be Configured...
[[0;32m  OK  [0m] Started Network Name Resolution.
[[0;32m  OK  [0m] Reached target Host and Network Name Lookups.
[[0;32m  OK  [0m] Reached target Network.
[[0;32m  OK  [0m] Started Wait for Network to be Configured.
         Starting Initial cloud-init job (metadata service crawler)...
[   15.938070] cloud-init[952]: Cloud-init v. 22.4.2-0ubuntu0~18.04.1 running 'init' at Thu, 15 Dec 2022 11:20:02 +0000. Up 15.67 seconds.
[   15.940432] cloud-init[952]: ci-info: ++++++++++++++++++++++++++++++++++++++Net device info+++++++++++++++++++++++++++++++++++++++
[   15.942246] cloud-init[952]: ci-info: +--------+-------+----------------------------+---------------+--------+-------------------+
[   15.952772] cloud-init[952]: ci-info: | Device |   Up  |          Address           |      Mask     | Scope  |     Hw-Address    |
[   15.954547] cloud-init[952]: ci-info: +--------+-------+----------------------------+---------------+--------+-------------------+
[   15.956725] cloud-init[952]: ci-info: | enp0s3 |  True |         10.0.2.15          | 255.255.255.0 | global | 02:40:49:ac:f0:20 |
[   15.958841] cloud-init[952]: ci-info: | enp0s3 |  True | fe80::40:49ff:feac:f020/64 |       .       |  link  | 02:40:49:ac:f0:20 |
[   15.960834] cloud-init[952]: ci-info: | enp0s8 | False |             .              |       .       |   .    | 08:00:27:49:94:62 |
[   15.963455] cloud-init[952]: ci-info: |   lo   |  True |         127.0.0.1          |   255.0.0.0   |  host  |         .         |
[   15.967188] cloud-init[952]: ci-info: |   lo   |  True |          ::1/128           |       .       |  host  |         .         |
[   15.971264] cloud-init[952]: ci-info: +--------+-------+----------------------------+---------------+--------+-------------------+
[   15.975377] cloud-init[952]: ci-info: ++++++++++++++++++++++++++++Route IPv4 info+++++++++++++++++++++++++++++
[   15.978885] cloud-init[952]: ci-info: +-------+-------------+----------+-----------------+-----------+-------+
[   15.981706] cloud-init[952]: ci-info: | Route | Destination | Gateway  |     Genmask     | Interface | Flags |
[   15.984038] cloud-init[952]: ci-info: +-------+-------------+----------+-----------------+-----------+-------+
[   15.986179] cloud-init[952]: ci-info: |   0   |   0.0.0.0   | 10.0.2.2 |     0.0.0.0     |   enp0s3  |   UG  |
[   15.988441] cloud-init[952]: ci-info: |   1   |   10.0.2.0  | 0.0.0.0  |  255.255.255.0  |   enp0s3  |   U   |
[   15.990095] cloud-init[952]: ci-info: |   2   |   10.0.2.2  | 0.0.0.0  | 255.255.255.255 |   enp0s3  |   UH  |
[   15.991631] cloud-init[952]: ci-info: +-------+-------------+----------+-----------------+-----------+-------+
[   15.993201] cloud-init[952]: ci-info: +++++++++++++++++++Route IPv6 info+++++++++++++++++++
[   15.994699] cloud-init[952]: ci-info: +-------+-------------+---------+-----------+-------+
[   15.996117] cloud-init[952]: ci-info: | Route | Destination | Gateway | Interface | Flags |
[   15.998094] cloud-init[952]: ci-info: +-------+-------------+---------+-----------+-------+
[   16.000818] cloud-init[952]: ci-info: |   1   |  fe80::/64  |    ::   |   enp0s3  |   U   |
[   16.002155] cloud-init[952]: ci-info: |   3   |    local    |    ::   |   enp0s3  |   U   |
[   16.003628] cloud-init[952]: ci-info: |   4   |   ff00::/8  |    ::   |   enp0s3  |   U   |
[   16.004777] cloud-init[952]: ci-info: +-------+-------------+---------+-----------+-------+
[   17.299359] cloud-init[952]: Generating public/private rsa key pair.
[   17.301433] cloud-init[952]: Your identification has been saved in /etc/ssh/ssh_host_rsa_key.
[   17.303510] cloud-init[952]: Your public key has been saved in /etc/ssh/ssh_host_rsa_key.pub.
[   17.305856] cloud-init[952]: The key fingerprint is:
[   17.307519] cloud-init[952]: SHA256:p+fLPyU3Jg8g8vS/TQ5BZX4fyrd6YkJFw4R35eCF/h8 root@ubuntu-bionic
[   17.310557] cloud-init[952]: The key's randomart image is:
[   17.312325] cloud-init[952]: +---[RSA 2048]----+
[   17.314181] cloud-init[952]: |            +.+.+|
[   17.325335] cloud-init[952]: |           . X.= |
[   17.326900] cloud-init[952]: |            +.=.o|
[   17.328513] cloud-init[952]: |      . o ....o.o|
[   17.330400] cloud-init[952]: |       +So..oo o.|
[   17.332368] cloud-init[952]: |        .o..+.*Eo|
[   17.334288] cloud-init[952]: |        . o..O.oo|
[   17.336146] cloud-init[952]: |         + .oBo..|
[   17.338256] cloud-init[952]: |          +o=+=  |
[   17.340302] cloud-init[952]: +----[SHA256]-----+
[   17.341917] cloud-init[952]: Generating public/private dsa key pair.
[   17.343951] cloud-init[952]: Your identification has been saved in /etc/ssh/ssh_host_dsa_key.
[   17.346655] cloud-init[952]: Your public key has been saved in /etc/ssh/ssh_host_dsa_key.pub.
[   17.347657] cloud-init[952]: The key fingerprint is:
[   17.361568] cloud-init[952]: SHA256:kwWld9oK6JVJjs08Y0zwc6Ll+3IxO+8A9U0xFeh3XmY root@ubuntu-bionic
[   17.364770] cloud-init[952]: The key's randomart image is:
[   17.366399] cloud-init[952]: +---[DSA 1024]----+
[   17.368039] cloud-init[952]: |      . ...   +oo|
[   17.369988] cloud-init[952]: |       o o   . o |
[   17.371855] cloud-init[952]: |        O = o .  |
[   17.373404] cloud-init[952]: |       # @ = + .E|
[   17.375230] cloud-init[952]: |      + S . o o+o|
[   17.376832] cloud-init[952]: |     . o Bo.    .|
[   17.377370] cloud-init[952]: |      . . o+     |
[   17.377861] cloud-init[952]: |        ..+.     |
[   17.378652] cloud-init[952]: |         o.+o    |
[   17.379574] cloud-init[952]: +----[SHA256]-----+
[   17.380459] cloud-init[952]: Generating public/private ecdsa key pair.
[   17.381354] cloud-init[952]: Your identification has been saved in /etc/ssh/ssh_host_ecdsa_key.
[   17.382441] cloud-init[952]: Your public key has been saved in /etc/ssh/ssh_host_ecdsa_key.pub.
[   17.383517] cloud-init[952]: The key fingerprint is:
[   17.384296] cloud-init[952]: SHA256:FlvRJcvWQ09tG+nUGB0NXvytJmVzJJT3UVEotPm3tmQ root@ubuntu-bionic
[   17.385375] cloud-init[952]: The key's randomart image is:
[   17.386196] cloud-init[952]: +---[ECDSA 256]---+
[   17.386925] cloud-init[952]: |          .ooo*@#|
[   17.387664] cloud-init[952]: |           ooO=OX|
[   17.388353] cloud-init[952]: |        . . *.*=O|
[   17.388957] cloud-init[952]: |         + . .++=|
[   17.389506] cloud-init[952]: |        S    o.+.|
[   17.390055] cloud-init[952]: |       .    . o..|
[   17.390655] cloud-init[952]: |             o E |
[   17.391221] cloud-init[952]: |              + .|
[   17.391831] cloud-init[952]: |               . |
[   17.392784] cloud-init[952]: +----[SHA256]-----+
[   17.394281] cloud-init[952]: Generating public/private ed25519 key pair.
[   17.396463] cloud-init[952]: Your identification has been saved in /etc/ssh/ssh_host_ed25519_key.
[   17.399051] cloud-init[952]: Your public key has been saved in /etc/ssh/ssh_host_ed25519_key.pub.
[   17.402045] cloud-init[952]: The key fingerprint is:
[   17.403861] cloud-init[952]: SHA256:7Z8pQTyts8jrpxF90Nv4gxrOk5rqXWFQjKjk1vMWMs0 root@ubuntu-bionic
[   17.406692] cloud-init[952]: The key's randomart image is:
[   17.408997] cloud-init[952]: +--[ED25519 256]--+
[   17.410525] cloud-init[952]: |       . o.      |
[   17.412301] cloud-init[952]: |    . . ....     |
[   17.414504] cloud-init[952]: |   o o o.....    |
[   17.416039] cloud-init[952]: |    + = E++..+   |
[   17.417846] cloud-init[952]: |   .   =So=o+ .  |
[   17.419322] cloud-init[952]: |        o++o o   |
[   17.421149] cloud-init[952]: |       o..+=. o  |
[   17.422761] cloud-init[952]: |       .o**+ o . |
[   17.424332] cloud-init[952]: |     .ooB=+o+    |
[   17.426072] cloud-init[952]: +----[SHA256]-----+
[[0;32m  OK  [0m] Started Initial cloud-init job (metadata service crawler).
[[0;32m  OK  [0m] Reached target System Initialization.
[[0;32m  OK  [0m] Started ACPI Events Check.
[[0;32m  OK  [0m] Listening on D-Bus System Message Bus Socket.
[[0;32m  OK  [0m] Started Daily apt download activities.
[[0;32m  OK  [0m] Started Discard unused blocks once a week.
[[0;32m  OK  [0m] Started Ubuntu Advantage Timer for running repeated jobs.
[[0;32m  OK  [0m] Listening on Open-iSCSI iscsid Socket.
[[0;32m  OK  [0m] Reached target Paths.
[[0;32m  OK  [0m] Started Message of the Day.
[[0;32m  OK  [0m] Listening on ACPID Listen Socket.
         Starting LXD - unix socket.
[[0;32m  OK  [0m] Listening on cloud-init hotplug hook socket.
[[0;32m  OK  [0m] Listening on UUID daemon activation socket.
[[0;32m  OK  [0m] Started Daily Cleanup of Temporary Directories.
         Starting Socket activation for snappy daemon.
[[0;32m  OK  [0m] Started Daily apt upgrade and clean activities.
[[0;32m  OK  [0m] Reached target Timers.
[[0;32m  OK  [0m] Reached target Cloud-config availability.
[[0;32m  OK  [0m] Reached target Network is Online.
[[0;32m  OK  [0m] Reached target Remote File Systems (Pre).
[[0;32m  OK  [0m] Reached target Remote File Systems.
         Starting Availability of block devices...
[[0;32m  OK  [0m] Listening on LXD - unix socket.
[[0;32m  OK  [0m] Listening on Socket activation for snappy daemon.
[[0;32m  OK  [0m] Started Availability of block devices.
[[0;32m  OK  [0m] Reached target Sockets.
[[0;32m  OK  [0m] Reached target Basic System.
[[0;32m  OK  [0m] Started Regular background program processing daemon.
         Starting Pollinate to seed the pseudo random number generator...
         Starting Accounts Service...
[[0;32m  OK  [0m] Started D-Bus System Message Bus.
[[0;32m  OK  [0m] Started irqbalance daemon.
         Starting Dispatcher daemon for systemd-networkd...
[[0;32m  OK  [0m] Reached target Login Prompts (Pre).
         Starting Permit User Sessions...
         Starting System Logging Service...
         Starting LXD - container startup/shutdown...
[[0;32m  OK  [0m] Started FUSE filesystem for LXC.
[[0;32m  OK  [0m] Started Deferred execution scheduler.
         Starting LSB: Record successful boot for GRUB...
         Starting Login Service...
         Starting Virtualbox guest utils...
         Starting LSB: automatic crash report generation...
         Starting Snap Daemon...
[[0;32m  OK  [0m] Started System Logging Service.
[[0;32m  OK  [0m] Started Permit User Sessions.
[[0;32m  OK  [0m] Started Login Service.
[[0;32m  OK  [0m] Started Unattended Upgrades Shutdown.
         Starting Authorization Manager...
         Starting Terminate Plymouth Boot Screen...
         Starting Hold until boot process finishes up...
[[0;32m  OK  [0m] Started Hold until boot process finishes up.
[[0;32m  OK  [0m] Started Terminate Plymouth Boot Screen.
         Starting Set console scheme...
[[0;32m  OK  [0m] Started Serial Getty on ttyS0.
[[0;32m  OK  [0m] Started LSB: automatic crash report generation.
[[0;32m  OK  [0m] Started Authorization Manager.
[[0;32m  OK  [0m] Started Accounts Service.
[[0;32m  OK  [0m] Started Set console scheme.
[[0;32m  OK  [0m] Created slice system-getty.slice.
[[0;32m  OK  [0m] Started Getty on tty1.
[[0;32m  OK  [0m] Reached target Login Prompts.
[[0;32m  OK  [0m] Started LSB: Record successful boot for GRUB.
[[0;32m  OK  [0m] Started LXD - container startup/shutdown.
[[0;32m  OK  [0m] Started Virtualbox guest utils.
[[0;32m  OK  [0m] Started Dispatcher daemon for systemd-networkd.
[[0;32m  OK  [0m] Started Snap Daemon.
         Starting Wait until snapd is fully seeded...
         Starting Time & Date Service...
[[0;32m  OK  [0m] Started Time & Date Service.
[[0;32m  OK  [0m] Started Pollinate to seed the pseudo random number generator.
         Starting OpenBSD Secure Shell server...
[[0;32m  OK  [0m] Started OpenBSD Secure Shell server.
[[0;32m  OK  [0m] Created slice User Slice of vagrant.
         Starting User Manager for UID 1000...
[[0;32m  OK  [0m] Started Session 1 of user vagrant.
[[0;32m  OK  [0m] Started User Manager for UID 1000.
[[0;32m  OK  [0m] Started Wait until snapd is fully seeded.
         Starting Apply the settings specified in cloud-config...

Ubuntu 18.04.6 LTS ubuntu-bionic ttyS0

ubuntu-bionic login: [   24.302774] cloud-init[1540]: Cloud-init v. 22.4.2-0ubuntu0~18.04.1 running 'modules:config' at Thu, 15 Dec 2022 11:20:09 +0000. Up 22.65 seconds.
ci-info: no authorized SSH keys fingerprints found for user ubuntu.
<14>Dec 15 11:20:12 cloud-init: #############################################################
<14>Dec 15 11:20:12 cloud-init: -----BEGIN SSH HOST KEY FINGERPRINTS-----
<14>Dec 15 11:20:12 cloud-init: 1024 SHA256:kwWld9oK6JVJjs08Y0zwc6Ll+3IxO+8A9U0xFeh3XmY root@ubuntu-bionic (DSA)
<14>Dec 15 11:20:12 cloud-init: 256 SHA256:FlvRJcvWQ09tG+nUGB0NXvytJmVzJJT3UVEotPm3tmQ root@ubuntu-bionic (ECDSA)
<14>Dec 15 11:20:12 cloud-init: 256 SHA256:7Z8pQTyts8jrpxF90Nv4gxrOk5rqXWFQjKjk1vMWMs0 root@ubuntu-bionic (ED25519)
<14>Dec 15 11:20:12 cloud-init: 2048 SHA256:p+fLPyU3Jg8g8vS/TQ5BZX4fyrd6YkJFw4R35eCF/h8 root@ubuntu-bionic (RSA)
<14>Dec 15 11:20:12 cloud-init: -----END SSH HOST KEY FINGERPRINTS-----
<14>Dec 15 11:20:12 cloud-init: #############################################################
-----BEGIN SSH HOST KEY KEYS-----
ecdsa-sha2-nistp256 AAAAE2VjZHNhLXNoYTItbmlzdHAyNTYAAAAIbmlzdHAyNTYAAABBBLGExwXufTwC2NYIYyH3rNe8iMZhquRhFlCOXKAx0ksiekUuS6vXIzGoPOdh18QuKxyHTXPqulbl5Goxp62oj0Q= root@ubuntu-bionic
ssh-ed25519 AAAAC3NzaC1lZDI1NTE5AAAAINmgXZhzPNpPiu9TRuDw6sBFqkA975QMXIcDFnhWA1Cs root@ubuntu-bionic
ssh-rsa AAAAB3NzaC1yc2EAAAADAQABAAABAQCycetuKRcOqVY0pa/HQanla0vqShE0eHWSKTEzXheW6QTfTqq6Y57uIVB5jiNnaBHU8aOiqFM0Ajpzte+IkErfMbbsjiU7DIgFV65D7kezZJhNQOXasvkKBIzsKlajDUUymGHFV9lWkDMbzf2Hkh9Hhn9VgLWJbmjStH3wuNY83GJHZx4gkPwhihPbe/lP8DOUtH5KHFlWe4pae7FpQQYpS6MG2U3Q5bL6E8volOCJLqam6JruGNpYZxZCxsE3mQW00WmCC35t1V8wYpat5XN6sEXo5tgtoJerf9RYcxB4O690Dp77qrvMoiN3711G93JQv6ryIVsucjsWssHC8nvt root@ubuntu-bionic
-----END SSH HOST KEY KEYS-----
[   25.582388] cloud-init[1678]: Cloud-init v. 22.4.2-0ubuntu0~18.04.1 running 'modules:final' at Thu, 15 Dec 2022 11:20:11 +0000. Up 25.25 seconds.
[   25.584616] cloud-init[1678]: Cloud-init v. 22.4.2-0ubuntu0~18.04.1 finished at Thu, 15 Dec 2022 11:20:12 +0000. Datasource DataSourceNoCloud [seed=/dev/sdb][dsmode=net].  Up 25.56 seconds
